<?xml version="1.0" encoding="UTF-8"?>
<testsuite name="Cucumber" time="8.313" tests="1" skipped="0" failures="1" errors="0">
<testcase classname="Data Table Test" name="BlueRentalCar Login Map" time="8.092">
<failure type="java.lang.AssertionError">
<![CDATA[java.lang.AssertionError
	at org.junit.Assert.fail(Assert.java:87)
	at org.junit.Assert.assertTrue(Assert.java:42)
	at org.junit.Assert.assertTrue(Assert.java:53)
	at techproed.stepDefinitions.BlueRentalCarStepDefinition.kullanici_blue_rental_car_sayfasina_gider(BlueRentalCarStepDefinition.java:23)
	at âœ½.kullanici blue rental car sayfasina gider(file:///C:/Users/ASUS/IdeaProjects/B129CucumberProject/src/test/resources/features/day33_DataTable_Hooks/datatable_test.feature:25)
]]>
</failure>
<system-out><![CDATA[
Given kullanici blue rental car sayfasina gider.............................failed
When login olur map.........................................................skipped
Then sayfayi_kapatir........................................................skipped
]]></system-out>
</testcase>
</testsuite>
